<?xml version="1.0" encoding="UTF-8"?>
<testng-results ignored="0" total="6" passed="5" failed="1" skipped="0">
  <reporter-output>
  </reporter-output>
  <suite started-at="2025-08-09T07:57:31 IST" name="CrossBrowserSuite" finished-at="2025-08-09T07:58:16 IST" duration-ms="45447">
    <groups>
    </groups>
    <test started-at="2025-08-09T07:57:31 IST" name="FirefoxTest" finished-at="2025-08-09T07:57:58 IST" duration-ms="27110">
      <class name="org.AutomationExercise.e_com.TestCases.sanity">
        <test-method is-config="true" signature="setupClass(java.lang.String,java.lang.String,java.lang.String)[pri:0, instance:org.AutomationExercise.e_com.TestCases.sanity@451001e5]" started-at="2025-08-09T07:57:31 IST" name="setupClass" finished-at="2025-08-09T07:57:40 IST" duration-ms="8561" status="PASS">
          <params>
            <param index="0">
              <value>
                <![CDATA[Firefox]]>
              </value>
            </param>
            <param index="1">
              <value>
                <![CDATA[latest]]>
              </value>
            </param>
            <param index="2">
              <value>
                <![CDATA[local]]>
              </value>
            </param>
          </params>
          <reporter-output>
          </reporter-output>
        </test-method> <!-- setupClass -->
        <test-method is-config="true" signature="setupTest(java.lang.reflect.Method)[pri:0, instance:org.AutomationExercise.e_com.TestCases.sanity@451001e5]" started-at="2025-08-09T07:57:40 IST" name="setupTest" finished-at="2025-08-09T07:57:40 IST" duration-ms="5" status="PASS">
          <params>
            <param index="0">
              <value>
                <![CDATA[public void org.AutomationExercise.e_com.TestCases.sanity.searchProduct()]]>
              </value>
            </param>
          </params>
          <reporter-output>
          </reporter-output>
        </test-method> <!-- setupTest -->
        <test-method signature="searchProduct()[pri:1, instance:org.AutomationExercise.e_com.TestCases.sanity@451001e5]" started-at="2025-08-09T07:57:40 IST" name="searchProduct" finished-at="2025-08-09T07:57:53 IST" duration-ms="13353" status="PASS">
          <reporter-output>
          </reporter-output>
        </test-method> <!-- searchProduct -->
        <test-method is-config="true" signature="logResult(org.testng.ITestResult)[pri:0, instance:org.AutomationExercise.e_com.TestCases.sanity@451001e5]" started-at="2025-08-09T07:57:53 IST" name="logResult" finished-at="2025-08-09T07:57:53 IST" duration-ms="14" status="PASS">
          <params>
            <param index="0">
              <value>
                <![CDATA[[TestResult name=searchProduct status=SUCCESS method=sanity.searchProduct()[pri:1, instance:org.AutomationExercise.e_com.TestCases.sanity@451001e5] output={null}]]]>
              </value>
            </param>
          </params>
          <reporter-output>
          </reporter-output>
        </test-method> <!-- logResult -->
        <test-method is-config="true" signature="setupTest(java.lang.reflect.Method)[pri:0, instance:org.AutomationExercise.e_com.TestCases.sanity@451001e5]" started-at="2025-08-09T07:57:53 IST" name="setupTest" finished-at="2025-08-09T07:57:53 IST" duration-ms="4" status="PASS">
          <params>
            <param index="0">
              <value>
                <![CDATA[public void org.AutomationExercise.e_com.TestCases.sanity.verifyCart()]]>
              </value>
            </param>
          </params>
          <reporter-output>
          </reporter-output>
        </test-method> <!-- setupTest -->
        <test-method signature="verifyCart()[pri:2, instance:org.AutomationExercise.e_com.TestCases.sanity@451001e5]" started-at="2025-08-09T07:57:53 IST" name="verifyCart" finished-at="2025-08-09T07:57:53 IST" depends-on-methods="org.AutomationExercise.e_com.TestCases.sanity.searchProduct" duration-ms="263" status="FAIL">
          <exception class="org.openqa.selenium.ElementNotInteractableException">
            <message>
              <![CDATA[Element <button class="btn btn-success close-modal btn-block"> could not be scrolled into view
Build info: version: '4.28.1', revision: '73f5ad48a2'
System info: os.name: 'Windows 11', os.arch: 'amd64', os.version: '10.0', java.version: '17.0.9'
Driver info: org.openqa.selenium.firefox.FirefoxDriver
Command: [06e08a66-8bc4-41a6-84a9-4abbe92881ae, clickElement {id=83c0d299-aeba-4d58-97c2-97bd8afd529e}]
Capabilities {acceptInsecureCerts: true, browserName: firefox, browserVersion: 141.0.2, moz:accessibilityChecks: false, moz:buildID: 20250804082849, moz:geckodriverVersion: 0.36.0, moz:headless: false, moz:platformVersion: 10.0, moz:processID: 8216, moz:profile: C:\Users\mukes\AppData\Loca..., moz:shutdownTimeout: 60000, moz:webdriverClick: true, moz:windowless: false, pageLoadStrategy: normal, platformName: windows, proxy: Proxy(), setWindowRect: true, strictFileInteractability: false, timeouts: {implicit: 0, pageLoad: 300000, script: 30000}, unhandledPromptBehavior: dismiss and notify, userAgent: Mozilla/5.0 (Windows NT 10....}
Element: [[FirefoxDriver: firefox on windows (06e08a66-8bc4-41a6-84a9-4abbe92881ae)] -> xpath: //button[@class='btn btn-success close-modal btn-block']]
Session ID: 06e08a66-8bc4-41a6-84a9-4abbe92881ae]]>
            </message>
            <full-stacktrace>
              <![CDATA[org.openqa.selenium.ElementNotInteractableException: Element <button class="btn btn-success close-modal btn-block"> could not be scrolled into view
Build info: version: '4.28.1', revision: '73f5ad48a2'
System info: os.name: 'Windows 11', os.arch: 'amd64', os.version: '10.0', java.version: '17.0.9'
Driver info: org.openqa.selenium.firefox.FirefoxDriver
Command: [06e08a66-8bc4-41a6-84a9-4abbe92881ae, clickElement {id=83c0d299-aeba-4d58-97c2-97bd8afd529e}]
Capabilities {acceptInsecureCerts: true, browserName: firefox, browserVersion: 141.0.2, moz:accessibilityChecks: false, moz:buildID: 20250804082849, moz:geckodriverVersion: 0.36.0, moz:headless: false, moz:platformVersion: 10.0, moz:processID: 8216, moz:profile: C:\Users\mukes\AppData\Loca..., moz:shutdownTimeout: 60000, moz:webdriverClick: true, moz:windowless: false, pageLoadStrategy: normal, platformName: windows, proxy: Proxy(), setWindowRect: true, strictFileInteractability: false, timeouts: {implicit: 0, pageLoad: 300000, script: 30000}, unhandledPromptBehavior: dismiss and notify, userAgent: Mozilla/5.0 (Windows NT 10....}
Element: [[FirefoxDriver: firefox on windows (06e08a66-8bc4-41a6-84a9-4abbe92881ae)] -> xpath: //button[@class='btn btn-success close-modal btn-block']]
Session ID: 06e08a66-8bc4-41a6-84a9-4abbe92881ae
at java.base/jdk.internal.reflect.NativeConstructorAccessorImpl.newInstance0(Native Method)
at java.base/jdk.internal.reflect.NativeConstructorAccessorImpl.newInstance(NativeConstructorAccessorImpl.java:77)
at java.base/jdk.internal.reflect.DelegatingConstructorAccessorImpl.newInstance(DelegatingConstructorAccessorImpl.java:45)
at java.base/java.lang.reflect.Constructor.newInstanceWithCaller(Constructor.java:499)
at java.base/java.lang.reflect.Constructor.newInstance(Constructor.java:480)
at org.openqa.selenium.remote.ErrorCodec.decode(ErrorCodec.java:167)
at org.openqa.selenium.remote.codec.w3c.W3CHttpResponseCodec.decode(W3CHttpResponseCodec.java:138)
at org.openqa.selenium.remote.codec.w3c.W3CHttpResponseCodec.decode(W3CHttpResponseCodec.java:50)
at org.openqa.selenium.remote.HttpCommandExecutor.execute(HttpCommandExecutor.java:215)
at org.openqa.selenium.remote.service.DriverCommandExecutor.invokeExecute(DriverCommandExecutor.java:216)
at org.openqa.selenium.remote.service.DriverCommandExecutor.execute(DriverCommandExecutor.java:174)
at org.openqa.selenium.remote.RemoteWebDriver.execute(RemoteWebDriver.java:545)
at org.openqa.selenium.remote.RemoteWebElement.execute(RemoteWebElement.java:223)
at org.openqa.selenium.remote.RemoteWebElement.click(RemoteWebElement.java:76)
at org.AutomationExercise.e_com.pageObjects.ProductPage.clickContinueShoppingBtn(ProductPage.java:36)
at org.AutomationExercise.e_com.TestCases.sanity.verifyCart(sanity.java:57)
at java.base/jdk.internal.reflect.NativeMethodAccessorImpl.invoke0(Native Method)
at java.base/jdk.internal.reflect.NativeMethodAccessorImpl.invoke(NativeMethodAccessorImpl.java:77)
at java.base/jdk.internal.reflect.DelegatingMethodAccessorImpl.invoke(DelegatingMethodAccessorImpl.java:43)
at java.base/java.lang.reflect.Method.invoke(Method.java:568)
at org.testng.internal.invokers.MethodInvocationHelper.invokeMethod(MethodInvocationHelper.java:139)
at org.testng.internal.invokers.TestInvoker.invokeMethod(TestInvoker.java:664)
at org.testng.internal.invokers.TestInvoker.invokeTestMethod(TestInvoker.java:228)
at org.testng.internal.invokers.MethodRunner.runInSequence(MethodRunner.java:63)
at org.testng.internal.invokers.TestInvoker$MethodInvocationAgent.invoke(TestInvoker.java:961)
at org.testng.internal.invokers.TestInvoker.invokeTestMethods(TestInvoker.java:201)
at org.testng.internal.invokers.TestMethodWorker.invokeTestMethods(TestMethodWorker.java:148)
at org.testng.internal.invokers.TestMethodWorker.run(TestMethodWorker.java:128)
at java.base/java.util.ArrayList.forEach(ArrayList.java:1511)
at org.testng.TestRunner.privateRun(TestRunner.java:819)
at org.testng.TestRunner.run(TestRunner.java:619)
at org.testng.SuiteRunner.runTest(SuiteRunner.java:443)
at org.testng.SuiteRunner$SuiteWorker.run(SuiteRunner.java:481)
at org.testng.internal.thread.ThreadUtil.lambda$execute$0(ThreadUtil.java:58)
at java.base/java.util.concurrent.FutureTask.run(FutureTask.java:264)
at java.base/java.util.concurrent.ThreadPoolExecutor.runWorker(ThreadPoolExecutor.java:1136)
at java.base/java.util.concurrent.ThreadPoolExecutor$Worker.run(ThreadPoolExecutor.java:635)
at java.base/java.lang.Thread.run(Thread.java:840)
]]>
            </full-stacktrace>
          </exception> <!-- org.openqa.selenium.ElementNotInteractableException -->
          <reporter-output>
          </reporter-output>
        </test-method> <!-- verifyCart -->
        <test-method is-config="true" signature="logResult(org.testng.ITestResult)[pri:0, instance:org.AutomationExercise.e_com.TestCases.sanity@451001e5]" started-at="2025-08-09T07:57:53 IST" name="logResult" finished-at="2025-08-09T07:57:55 IST" duration-ms="1277" status="PASS">
          <params>
            <param index="0">
              <value>
                <![CDATA[[TestResult name=verifyCart status=FAILURE method=sanity.verifyCart()[pri:2, instance:org.AutomationExercise.e_com.TestCases.sanity@451001e5] output={null}]]]>
              </value>
            </param>
          </params>
          <reporter-output>
          </reporter-output>
        </test-method> <!-- logResult -->
        <test-method is-config="true" signature="teardownClass()[pri:0, instance:org.AutomationExercise.e_com.TestCases.sanity@451001e5]" started-at="2025-08-09T07:57:55 IST" name="teardownClass" finished-at="2025-08-09T07:57:58 IST" duration-ms="3458" status="PASS">
          <reporter-output>
          </reporter-output>
        </test-method> <!-- teardownClass -->
      </class> <!-- org.AutomationExercise.e_com.TestCases.sanity -->
    </test> <!-- FirefoxTest -->
    <test started-at="2025-08-09T07:57:31 IST" name="edgeTest" finished-at="2025-08-09T07:58:13 IST" duration-ms="42014">
      <class name="org.AutomationExercise.e_com.TestCases.sanity">
        <test-method is-config="true" signature="setupReport()[pri:0, instance:org.AutomationExercise.e_com.TestCases.sanity@3e08ff24]" started-at="2025-08-09T07:57:31 IST" name="setupReport" finished-at="2025-08-09T07:57:31 IST" duration-ms="303" status="PASS">
          <reporter-output>
          </reporter-output>
        </test-method> <!-- setupReport -->
        <test-method is-config="true" signature="setupClass(java.lang.String,java.lang.String,java.lang.String)[pri:0, instance:org.AutomationExercise.e_com.TestCases.sanity@3e08ff24]" started-at="2025-08-09T07:57:31 IST" name="setupClass" finished-at="2025-08-09T07:57:35 IST" duration-ms="4116" status="PASS">
          <params>
            <param index="0">
              <value>
                <![CDATA[edge]]>
              </value>
            </param>
            <param index="1">
              <value>
                <![CDATA[latest]]>
              </value>
            </param>
            <param index="2">
              <value>
                <![CDATA[local]]>
              </value>
            </param>
          </params>
          <reporter-output>
          </reporter-output>
        </test-method> <!-- setupClass -->
        <test-method is-config="true" signature="setupTest(java.lang.reflect.Method)[pri:0, instance:org.AutomationExercise.e_com.TestCases.sanity@3e08ff24]" started-at="2025-08-09T07:57:35 IST" name="setupTest" finished-at="2025-08-09T07:57:35 IST" duration-ms="2" status="PASS">
          <params>
            <param index="0">
              <value>
                <![CDATA[public void org.AutomationExercise.e_com.TestCases.sanity.searchProduct()]]>
              </value>
            </param>
          </params>
          <reporter-output>
          </reporter-output>
        </test-method> <!-- setupTest -->
        <test-method signature="searchProduct()[pri:1, instance:org.AutomationExercise.e_com.TestCases.sanity@3e08ff24]" started-at="2025-08-09T07:57:35 IST" name="searchProduct" finished-at="2025-08-09T07:58:05 IST" duration-ms="30033" status="PASS">
          <reporter-output>
          </reporter-output>
        </test-method> <!-- searchProduct -->
        <test-method is-config="true" signature="logResult(org.testng.ITestResult)[pri:0, instance:org.AutomationExercise.e_com.TestCases.sanity@3e08ff24]" started-at="2025-08-09T07:58:05 IST" name="logResult" finished-at="2025-08-09T07:58:05 IST" duration-ms="13" status="PASS">
          <params>
            <param index="0">
              <value>
                <![CDATA[[TestResult name=searchProduct status=SUCCESS method=sanity.searchProduct()[pri:1, instance:org.AutomationExercise.e_com.TestCases.sanity@3e08ff24] output={null}]]]>
              </value>
            </param>
          </params>
          <reporter-output>
          </reporter-output>
        </test-method> <!-- logResult -->
        <test-method is-config="true" signature="setupTest(java.lang.reflect.Method)[pri:0, instance:org.AutomationExercise.e_com.TestCases.sanity@3e08ff24]" started-at="2025-08-09T07:58:05 IST" name="setupTest" finished-at="2025-08-09T07:58:05 IST" duration-ms="2" status="PASS">
          <params>
            <param index="0">
              <value>
                <![CDATA[public void org.AutomationExercise.e_com.TestCases.sanity.verifyCart()]]>
              </value>
            </param>
          </params>
          <reporter-output>
          </reporter-output>
        </test-method> <!-- setupTest -->
        <test-method signature="verifyCart()[pri:2, instance:org.AutomationExercise.e_com.TestCases.sanity@3e08ff24]" started-at="2025-08-09T07:58:05 IST" name="verifyCart" finished-at="2025-08-09T07:58:10 IST" depends-on-methods="org.AutomationExercise.e_com.TestCases.sanity.searchProduct" duration-ms="5080" status="PASS">
          <reporter-output>
          </reporter-output>
        </test-method> <!-- verifyCart -->
        <test-method is-config="true" signature="logResult(org.testng.ITestResult)[pri:0, instance:org.AutomationExercise.e_com.TestCases.sanity@3e08ff24]" started-at="2025-08-09T07:58:10 IST" name="logResult" finished-at="2025-08-09T07:58:10 IST" duration-ms="2" status="PASS">
          <params>
            <param index="0">
              <value>
                <![CDATA[[TestResult name=verifyCart status=SUCCESS method=sanity.verifyCart()[pri:2, instance:org.AutomationExercise.e_com.TestCases.sanity@3e08ff24] output={null}]]]>
              </value>
            </param>
          </params>
          <reporter-output>
          </reporter-output>
        </test-method> <!-- logResult -->
        <test-method is-config="true" signature="teardownClass()[pri:0, instance:org.AutomationExercise.e_com.TestCases.sanity@3e08ff24]" started-at="2025-08-09T07:58:10 IST" name="teardownClass" finished-at="2025-08-09T07:58:13 IST" duration-ms="2714" status="PASS">
          <reporter-output>
          </reporter-output>
        </test-method> <!-- teardownClass -->
        <test-method is-config="true" signature="generateReport()[pri:0, instance:org.AutomationExercise.e_com.TestCases.sanity@3e08ff24]" started-at="2025-08-09T07:58:16 IST" name="generateReport" finished-at="2025-08-09T07:58:18 IST" duration-ms="1056" status="PASS">
          <reporter-output>
          </reporter-output>
        </test-method> <!-- generateReport -->
      </class> <!-- org.AutomationExercise.e_com.TestCases.sanity -->
    </test> <!-- edgeTest -->
    <test started-at="2025-08-09T07:57:31 IST" name="ChromeTest" finished-at="2025-08-09T07:58:16 IST" duration-ms="45447">
      <class name="org.AutomationExercise.e_com.TestCases.sanity">
        <test-method is-config="true" signature="setupClass(java.lang.String,java.lang.String,java.lang.String)[pri:0, instance:org.AutomationExercise.e_com.TestCases.sanity@543295b0]" started-at="2025-08-09T07:57:31 IST" name="setupClass" finished-at="2025-08-09T07:57:35 IST" duration-ms="3603" status="PASS">
          <params>
            <param index="0">
              <value>
                <![CDATA[chrome]]>
              </value>
            </param>
            <param index="1">
              <value>
                <![CDATA[latest]]>
              </value>
            </param>
            <param index="2">
              <value>
                <![CDATA[local]]>
              </value>
            </param>
          </params>
          <reporter-output>
          </reporter-output>
        </test-method> <!-- setupClass -->
        <test-method is-config="true" signature="setupTest(java.lang.reflect.Method)[pri:0, instance:org.AutomationExercise.e_com.TestCases.sanity@543295b0]" started-at="2025-08-09T07:57:35 IST" name="setupTest" finished-at="2025-08-09T07:57:35 IST" duration-ms="10" status="PASS">
          <params>
            <param index="0">
              <value>
                <![CDATA[public void org.AutomationExercise.e_com.TestCases.sanity.searchProduct()]]>
              </value>
            </param>
          </params>
          <reporter-output>
          </reporter-output>
        </test-method> <!-- setupTest -->
        <test-method signature="searchProduct()[pri:1, instance:org.AutomationExercise.e_com.TestCases.sanity@543295b0]" started-at="2025-08-09T07:57:35 IST" name="searchProduct" finished-at="2025-08-09T07:58:13 IST" duration-ms="38202" status="PASS">
          <reporter-output>
          </reporter-output>
        </test-method> <!-- searchProduct -->
        <test-method is-config="true" signature="logResult(org.testng.ITestResult)[pri:0, instance:org.AutomationExercise.e_com.TestCases.sanity@543295b0]" started-at="2025-08-09T07:58:13 IST" name="logResult" finished-at="2025-08-09T07:58:13 IST" duration-ms="14" status="PASS">
          <params>
            <param index="0">
              <value>
                <![CDATA[[TestResult name=searchProduct status=SUCCESS method=sanity.searchProduct()[pri:1, instance:org.AutomationExercise.e_com.TestCases.sanity@543295b0] output={null}]]]>
              </value>
            </param>
          </params>
          <reporter-output>
          </reporter-output>
        </test-method> <!-- logResult -->
        <test-method is-config="true" signature="setupTest(java.lang.reflect.Method)[pri:0, instance:org.AutomationExercise.e_com.TestCases.sanity@543295b0]" started-at="2025-08-09T07:58:13 IST" name="setupTest" finished-at="2025-08-09T07:58:13 IST" duration-ms="2" status="PASS">
          <params>
            <param index="0">
              <value>
                <![CDATA[public void org.AutomationExercise.e_com.TestCases.sanity.verifyCart()]]>
              </value>
            </param>
          </params>
          <reporter-output>
          </reporter-output>
        </test-method> <!-- setupTest -->
        <test-method signature="verifyCart()[pri:2, instance:org.AutomationExercise.e_com.TestCases.sanity@543295b0]" started-at="2025-08-09T07:58:13 IST" name="verifyCart" finished-at="2025-08-09T07:58:16 IST" depends-on-methods="org.AutomationExercise.e_com.TestCases.sanity.searchProduct" duration-ms="2967" status="PASS">
          <reporter-output>
          </reporter-output>
        </test-method> <!-- verifyCart -->
        <test-method is-config="true" signature="logResult(org.testng.ITestResult)[pri:0, instance:org.AutomationExercise.e_com.TestCases.sanity@543295b0]" started-at="2025-08-09T07:58:16 IST" name="logResult" finished-at="2025-08-09T07:58:16 IST" duration-ms="4" status="PASS">
          <params>
            <param index="0">
              <value>
                <![CDATA[[TestResult name=verifyCart status=SUCCESS method=sanity.verifyCart()[pri:2, instance:org.AutomationExercise.e_com.TestCases.sanity@543295b0] output={null}]]]>
              </value>
            </param>
          </params>
          <reporter-output>
          </reporter-output>
        </test-method> <!-- logResult -->
        <test-method is-config="true" signature="teardownClass()[pri:0, instance:org.AutomationExercise.e_com.TestCases.sanity@543295b0]" started-at="2025-08-09T07:58:16 IST" name="teardownClass" finished-at="2025-08-09T07:58:16 IST" duration-ms="583" status="PASS">
          <reporter-output>
          </reporter-output>
        </test-method> <!-- teardownClass -->
      </class> <!-- org.AutomationExercise.e_com.TestCases.sanity -->
    </test> <!-- ChromeTest -->
  </suite> <!-- CrossBrowserSuite -->
</testng-results>
